hooks.c:2:28: error: linux/syscalls.h: No such file or directory
hooks.c:5: error: expected ‘)’ before ‘__user’
hooks.c:6: error: expected ‘)’ before ‘__user’
hooks.c:7: error: expected ‘;’, ‘,’ or ‘)’ before ‘*’ token
hooks.c:8: error: expected ‘;’, ‘,’ or ‘)’ before ‘*’ token
hooks.c:9: error: expected ‘;’, ‘,’ or ‘)’ before ‘*’ token
hooks.c:10: error: expected ‘;’, ‘,’ or ‘)’ before ‘*’ token
hooks.c:12: error: expected ‘;’, ‘,’ or ‘)’ before ‘*’ token
hooks.c:20: error: expected ‘)’ before ‘__user’
hooks.c:21: error: expected ‘)’ before ‘__user’
hooks.c:22: error: expected ‘)’ before ‘pid’
hooks.c:24: error: expected ‘)’ before ‘pid’
hooks.c:25: error: expected declaration specifiers or ‘...’ before ‘gid_t’
hooks.c:26: error: expected ‘)’ before ‘rgid’
hooks.c:27: error: expected ‘)’ before ‘gid’
hooks.c:28: error: expected ‘)’ before ‘ruid’
hooks.c:29: error: expected ‘)’ before ‘uid’
hooks.c:30: error: expected ‘)’ before ‘ruid’
hooks.c:31: error: expected ‘)’ before ‘rgid’
hooks.c:32: error: expected ‘)’ before ‘uid’
hooks.c:33: error: expected ‘)’ before ‘gid’
hooks.c:34: error: expected ‘)’ before ‘pid’
hooks.c:36: error: expected declaration specifiers or ‘...’ before ‘gid_t’
hooks.c:37: error: expected ‘;’, ‘,’ or ‘)’ before ‘*’ token
hooks.c:38: error: expected ‘)’ before ‘header’
hooks.c:39: error: expected ‘)’ before ‘header’
hooks.c:40: error: expected ‘)’ before ‘personality’
hooks.c:41: error: expected ‘)’ before ‘__user’
hooks.c:42: error: expected declaration specifiers or ‘...’ before ‘old_sigset_t’
hooks.c:42: error: expected declaration specifiers or ‘...’ before ‘old_sigset_t’
hooks.c:43: error: expected ‘;’, ‘,’ or ‘)’ before ‘*’ token
hooks.c:44: error: expected ‘;’, ‘,’ or ‘)’ before ‘*’ token
hooks.c:45: error: expected ‘)’ before ‘which_clock’
hooks.c:46: error: expected ‘)’ before ‘timer_id’
hooks.c:47: error: expected ‘)’ before ‘timer_id’
hooks.c:48: error: expected ‘)’ before ‘timer_id’
hooks.c:49: error: expected ‘)’ before ‘timer_id’
hooks.c:50: error: expected ‘)’ before ‘which_clock’
hooks.c:51: error: expected ‘)’ before ‘which_clock’
hooks.c:52: error: expected ‘)’ before ‘which_clock’
hooks.c:53: error: expected ‘)’ before ‘which_clock’
hooks.c:55: error: expected ‘)’ before ‘pid’
hooks.c:56: error: expected ‘)’ before ‘pid’
hooks.c:57: error: expected ‘)’ before ‘pid’
hooks.c:58: error: expected ‘)’ before ‘pid’
hooks.c:59: error: expected ‘)’ before ‘pid’
hooks.c:60: error: expected ‘)’ before ‘pid’
hooks.c:64: error: expected ‘)’ before ‘pid’
hooks.c:68: error: expected ‘;’, ‘,’ or ‘)’ before ‘*’ token
hooks.c:70: error: expected ‘;’, ‘,’ or ‘)’ before ‘*’ token
hooks.c:73: error: expected ‘)’ before ‘pid’
hooks.c:74: error: expected declaration specifiers or ‘...’ before ‘pid_t’
hooks.c:74: error: expected ‘;’, ‘,’ or ‘)’ before ‘*’ token
hooks.c:75: error: expected ‘)’ before ‘pid’
hooks.c:76: error: expected ‘;’, ‘,’ or ‘)’ before ‘*’ token
hooks.c:77: error: expected ‘)’ before ‘__user’
hooks.c:78: error: expected ‘;’, ‘,’ or ‘)’ before ‘*’ token
hooks.c:79: error: expected ‘;’, ‘,’ or ‘)’ before ‘*’ token
hooks.c:80: error: expected declaration specifiers or ‘...’ before ‘sigset_t’
hooks.c:80: error: expected declaration specifiers or ‘...’ before ‘sigset_t’
hooks.c:80: error: expected declaration specifiers or ‘...’ before ‘size_t’
hooks.c:81: error: expected ‘)’ before ‘__user’
hooks.c:82: error: expected ‘;’, ‘,’ or ‘)’ before ‘__user’
hooks.c:83: error: expected ‘)’ before ‘tgid’
hooks.c:87: error: expected declaration specifiers or ‘...’ before ‘siginfo_t’
hooks.c:90: error: expected declaration specifiers or ‘...’ before ‘__sighandler_t’
hooks.c:96: error: expected ‘;’, ‘,’ or ‘)’ before ‘*’ token
hooks.c:97: error: expected ‘;’, ‘,’ or ‘)’ before ‘*’ token
hooks.c:98: error: expected ‘;’, ‘,’ or ‘)’ before ‘*’ token
hooks.c:99: error: expected ‘;’, ‘,’ or ‘)’ before ‘*’ token
hooks.c:101: error: expected ‘;’, ‘,’ or ‘)’ before ‘*’ token
hooks.c:102: error: expected ‘;’, ‘,’ or ‘)’ before ‘*’ token
hooks.c:103: error: expected ‘;’, ‘,’ or ‘)’ before ‘*’ token
hooks.c:104: error: expected ‘;’, ‘,’ or ‘)’ before ‘*’ token
hooks.c:105: error: expected declaration specifiers or ‘...’ before ‘size_t’
hooks.c:105: error: expected ‘;’, ‘,’ or ‘)’ before ‘*’ token
hooks.c:106: error: expected ‘;’, ‘,’ or ‘)’ before ‘*’ token
hooks.c:107: error: expected ‘;’, ‘,’ or ‘)’ before ‘*’ token
hooks.c:108: error: expected ‘;’, ‘,’ or ‘)’ before ‘*’ token
hooks.c:109: error: expected ‘;’, ‘,’ or ‘)’ before ‘*’ token
hooks.c:110: error: expected ‘;’, ‘,’ or ‘)’ before ‘*’ token
hooks.c:111: error: expected ‘;’, ‘,’ or ‘)’ before ‘*’ token
hooks.c:112: error: expected ‘;’, ‘,’ or ‘)’ before ‘*’ token
hooks.c:113: error: expected ‘;’, ‘,’ or ‘)’ before ‘*’ token
hooks.c:114: error: expected ‘;’, ‘,’ or ‘)’ before ‘*’ token
hooks.c:115: error: expected ‘;’, ‘,’ or ‘)’ before ‘*’ token
hooks.c:116: error: expected declaration specifiers or ‘...’ before ‘loff_t’
hooks.c:117: error: expected ‘;’, ‘,’ or ‘)’ before ‘*’ token
hooks.c:118: error: expected ‘;’, ‘,’ or ‘)’ before ‘*’ token
hooks.c:119: error: expected ‘;’, ‘,’ or ‘)’ before ‘*’ token
hooks.c:120: error: expected ‘;’, ‘,’ or ‘)’ before ‘*’ token
hooks.c:121: error: expected ‘;’, ‘,’ or ‘)’ before ‘*’ token
hooks.c:122: error: expected ‘;’, ‘,’ or ‘)’ before ‘*’ token
hooks.c:123: error: expected ‘;’, ‘,’ or ‘)’ before ‘*’ token
hooks.c:124: error: expected ‘;’, ‘,’ or ‘)’ before ‘*’ token
hooks.c:125: error: expected ‘;’, ‘,’ or ‘)’ before ‘*’ token
hooks.c:126: error: expected ‘;’, ‘,’ or ‘)’ before ‘*’ token
hooks.c:127: error: expected ‘;’, ‘,’ or ‘)’ before ‘*’ token
hooks.c:128: error: expected ‘;’, ‘,’ or ‘)’ before ‘*’ token
hooks.c:130: error: expected declaration specifiers or ‘...’ before ‘size_t’
hooks.c:133: error: expected declaration specifiers or ‘...’ before ‘size_t’
hooks.c:134: error: expected declaration specifiers or ‘...’ before ‘loff_t’
hooks.c:134: error: expected declaration specifiers or ‘...’ before ‘size_t’
hooks.c:135: error: expected declaration specifiers or ‘...’ before ‘loff_t’
hooks.c:135: error: expected declaration specifiers or ‘...’ before ‘loff_t’
hooks.c:136: error: expected declaration specifiers or ‘...’ before ‘size_t’
hooks.c:137: error: expected declaration specifiers or ‘...’ before ‘size_t’
hooks.c:138: error: expected declaration specifiers or ‘...’ before ‘size_t’
hooks.c:141: error: expected declaration specifiers or ‘...’ before ‘size_t’
hooks.c:142: error: expected declaration specifiers or ‘...’ before ‘size_t’
hooks.c:142: error: expected ‘;’, ‘,’ or ‘)’ before ‘*’ token
hooks.c:143: error: expected ‘;’, ‘,’ or ‘)’ before ‘*’ token
hooks.c:144: error: expected ‘;’, ‘,’ or ‘)’ before ‘*’ token
hooks.c:145: error: expected ‘;’, ‘,’ or ‘)’ before ‘*’ token
hooks.c:146: error: expected ‘;’, ‘,’ or ‘)’ before ‘*’ token
hooks.c:147: error: expected ‘;’, ‘,’ or ‘)’ before ‘*’ token
hooks.c:148: error: expected ‘;’, ‘,’ or ‘)’ before ‘*’ token
hooks.c:149: error: expected ‘;’, ‘,’ or ‘)’ before ‘*’ token
hooks.c:150: error: expected ‘;’, ‘,’ or ‘)’ before ‘*’ token
hooks.c:151: error: expected declaration specifiers or ‘...’ before ‘mode_t’
hooks.c:154: error: expected ‘;’, ‘,’ or ‘)’ before ‘*’ token
hooks.c:155: error: expected ‘;’, ‘,’ or ‘)’ before ‘*’ token
hooks.c:162: error: expected declaration specifiers or ‘...’ before ‘aio_context_t’
hooks.c:163: error: expected ‘)’ before ‘ctx’
hooks.c:164: error: expected ‘)’ before ‘ctx_id’
hooks.c:165: error: expected ‘)’ before ‘long’
hooks.c:166: error: expected ‘)’ before ‘ctx_id’
hooks.c:167: error: expected declaration specifiers or ‘...’ before ‘off_t’
hooks.c:167: error: expected declaration specifiers or ‘...’ before ‘size_t’
hooks.c:168: error: expected declaration specifiers or ‘...’ before ‘loff_t’
hooks.c:168: error: expected declaration specifiers or ‘...’ before ‘size_t’
hooks.c:169: error: expected ‘;’, ‘,’ or ‘)’ before ‘*’ token
hooks.c:170: error: expected ‘;’, ‘,’ or ‘)’ before ‘*’ token
hooks.c:171: error: expected ‘;’, ‘,’ or ‘)’ before ‘*’ token
hooks.c:173: error: expected ‘;’, ‘,’ or ‘)’ before ‘*’ token
hooks.c:175: error: expected ‘;’, ‘,’ or ‘)’ before ‘*’ token
hooks.c:176: error: expected ‘;’, ‘,’ or ‘)’ before ‘*’ token
hooks.c:177: error: expected declaration specifiers or ‘...’ before ‘uid_t’
hooks.c:177: error: expected declaration specifiers or ‘...’ before ‘gid_t’
hooks.c:178: error: expected ‘;’, ‘,’ or ‘)’ before ‘*’ token
hooks.c:179: error: expected ‘;’, ‘,’ or ‘)’ before ‘*’ token
hooks.c:180: error: expected declaration specifiers or ‘...’ before ‘old_uid_t’
hooks.c:180: error: expected declaration specifiers or ‘...’ before ‘old_gid_t’
hooks.c:181: error: expected ‘)’ before ‘rgid’
hooks.c:182: error: expected ‘)’ before ‘gid’
hooks.c:183: error: expected ‘)’ before ‘ruid’
hooks.c:184: error: expected ‘)’ before ‘uid’
hooks.c:185: error: expected ‘)’ before ‘ruid’
hooks.c:186: error: expected ‘)’ before ‘__user’
hooks.c:187: error: expected ‘)’ before ‘rgid’
hooks.c:188: error: expected ‘)’ before ‘__user’
hooks.c:189: error: expected ‘)’ before ‘uid’
hooks.c:190: error: expected ‘)’ before ‘gid’
hooks.c:191: error: expected declaration specifiers or ‘...’ before ‘old_gid_t’
hooks.c:192: error: expected declaration specifiers or ‘...’ before ‘old_gid_t’
hooks.c:197: error: expected ‘;’, ‘,’ or ‘)’ before ‘*’ token
hooks.c:198: error: expected ‘;’, ‘,’ or ‘)’ before ‘*’ token
hooks.c:199: error: expected declaration specifiers or ‘...’ before ‘off_t’
hooks.c:200: error: expected declaration specifiers or ‘...’ before ‘loff_t’
hooks.c:201: error: expected ‘;’, ‘,’ or ‘)’ before ‘*’ token
hooks.c:202: error: expected declaration specifiers or ‘...’ before ‘loff_t’
hooks.c:202: error: expected declaration specifiers or ‘...’ before ‘size_t’
hooks.c:203: error: expected ‘;’, ‘,’ or ‘)’ before ‘*’ token
hooks.c:204: error: expected ‘;’, ‘,’ or ‘)’ before ‘*’ token
hooks.c:205: error: expected ‘;’, ‘,’ or ‘)’ before ‘*’ token
hooks.c:206: error: expected ‘;’, ‘,’ or ‘)’ before ‘*’ token
hooks.c:207: error: expected ‘;’, ‘,’ or ‘)’ before ‘*’ token
hooks.c:208: error: expected ‘;’, ‘,’ or ‘)’ before ‘*’ token
hooks.c:209: error: expected ‘;’, ‘,’ or ‘)’ before ‘*’ token
hooks.c:210: error: expected ‘;’, ‘,’ or ‘)’ before ‘*’ token
hooks.c:211: error: expected ‘;’, ‘,’ or ‘)’ before ‘*’ token
hooks.c:212: error: expected ‘;’, ‘,’ or ‘)’ before ‘*’ token
hooks.c:214: error: expected ‘;’, ‘,’ or ‘)’ before ‘*’ token
hooks.c:215: error: expected ‘)’ before ‘cookie64’
hooks.c:216: error: expected ‘;’, ‘,’ or ‘)’ before ‘*’ token
hooks.c:217: error: expected ‘;’, ‘,’ or ‘)’ before ‘*’ token
hooks.c:218: error: expected ‘;’, ‘,’ or ‘)’ before ‘*’ token
hooks.c:219: error: expected ‘;’, ‘,’ or ‘)’ before ‘*’ token
hooks.c:220: error: expected ‘;’, ‘,’ or ‘)’ before ‘*’ token
hooks.c:221: error: expected ‘;’, ‘,’ or ‘)’ before ‘*’ token
hooks.c:222: error: expected ‘;’, ‘,’ or ‘)’ before ‘*’ token
hooks.c:223: error: expected ‘;’, ‘,’ or ‘)’ before ‘*’ token
hooks.c:224: error: expected ‘;’, ‘,’ or ‘)’ before ‘*’ token
hooks.c:225: error: expected ‘;’, ‘,’ or ‘)’ before ‘*’ token
hooks.c:226: error: expected ‘;’, ‘,’ or ‘)’ before ‘*’ token
hooks.c:227: error: expected ‘;’, ‘,’ or ‘)’ before ‘*’ token
hooks.c:228: error: expected ‘;’, ‘,’ or ‘)’ before ‘*’ token
hooks.c:229: error: expected ‘;’, ‘,’ or ‘)’ before ‘*’ token
hooks.c:230: error: expected ‘;’, ‘,’ or ‘)’ before ‘*’ token
hooks.c:231: error: expected ‘;’, ‘,’ or ‘)’ before ‘*’ token
hooks.c:232: error: expected ‘;’, ‘,’ or ‘)’ before ‘*’ token
hooks.c:234: error: expected ‘;’, ‘,’ or ‘)’ before ‘*’ token
hooks.c:235: error: expected ‘;’, ‘,’ or ‘)’ before ‘*’ token
hooks.c:237: error: expected ‘;’, ‘,’ or ‘)’ before ‘*’ token
hooks.c:238: error: expected declaration specifiers or ‘...’ before ‘fd_set’
hooks.c:238: error: expected declaration specifiers or ‘...’ before ‘fd_set’
hooks.c:238: error: expected declaration specifiers or ‘...’ before ‘fd_set’
hooks.c:238: error: expected ‘;’, ‘,’ or ‘)’ before ‘*’ token
hooks.c:241: error: expected ‘;’, ‘,’ or ‘)’ before ‘*’ token
hooks.c:242: error: expected ‘;’, ‘,’ or ‘)’ before ‘*’ token
hooks.c:243: error: expected ‘;’, ‘,’ or ‘)’ before ‘*’ token
hooks.c:244: error: expected ‘;’, ‘,’ or ‘)’ before ‘*’ token
hooks.c:245: error: expected ‘;’, ‘,’ or ‘)’ before ‘*’ token
hooks.c:246: error: expected ‘;’, ‘,’ or ‘)’ before ‘*’ token
hooks.c:247: error: expected ‘;’, ‘,’ or ‘)’ before ‘*’ token
hooks.c:248: error: expected ‘;’, ‘,’ or ‘)’ before ‘*’ token
hooks.c:249: error: expected ‘;’, ‘,’ or ‘)’ before ‘*’ token
hooks.c:250: error: expected ‘;’, ‘,’ or ‘)’ before ‘*’ token
hooks.c:251: error: expected ‘;’, ‘,’ or ‘)’ before ‘*’ token
hooks.c:253: error: expected ‘)’ before ‘key’
hooks.c:254: error: expected ‘;’, ‘,’ or ‘)’ before ‘*’ token
hooks.c:255: error: expected ‘;’, ‘,’ or ‘)’ before ‘*’ token
hooks.c:256: error: expected ‘;’, ‘,’ or ‘)’ before ‘*’ token
hooks.c:257: error: expected ‘)’ before ‘key’
hooks.c:258: error: expected ‘;’, ‘,’ or ‘)’ before ‘*’ token
hooks.c:259: warning: ‘union semun’ declared inside parameter list
hooks.c:259: warning: its scope is only this definition or declaration, which is probably not what you want
hooks.c:260: error: expected ‘;’, ‘,’ or ‘)’ before ‘*’ token
hooks.c:261: error: expected ‘;’, ‘,’ or ‘)’ before ‘*’ token
hooks.c:262: error: expected ‘)’ before ‘key’
hooks.c:263: error: expected ‘;’, ‘,’ or ‘)’ before ‘*’ token
hooks.c:264: error: expected ‘;’, ‘,’ or ‘)’ before ‘*’ token
hooks.c:265: error: expected ‘;’, ‘,’ or ‘)’ before ‘*’ token
hooks.c:266: error: expected ‘;’, ‘,’ or ‘)’ before ‘*’ token
hooks.c:267: error: expected ‘)’ before ‘mqdes’
hooks.c:268: error: expected ‘)’ before ‘mqdes’
hooks.c:269: error: expected ‘)’ before ‘mqdes’
hooks.c:270: error: expected ‘)’ before ‘mqdes’
hooks.c:272: error: expected ‘;’, ‘,’ or ‘)’ before ‘*’ token
hooks.c:273: error: expected ‘;’, ‘,’ or ‘)’ before ‘*’ token
hooks.c:275: error: expected ‘;’, ‘,’ or ‘)’ before ‘*’ token
hooks.c:276: error: expected ‘;’, ‘,’ or ‘)’ before ‘*’ token
hooks.c:277: error: expected ‘;’, ‘,’ or ‘)’ before ‘*’ token
hooks.c:278: error: expected ‘;’, ‘,’ or ‘)’ before ‘*’ token
hooks.c:280: error: expected ‘;’, ‘,’ or ‘)’ before ‘*’ token
hooks.c:281: error: expected ‘;’, ‘,’ or ‘)’ before ‘*’ token
hooks.c:282: error: expected ‘;’, ‘,’ or ‘)’ before ‘*’ token
hooks.c:285: error: expected ‘;’, ‘,’ or ‘)’ before ‘*’ token
hooks.c:286: error: expected ‘;’, ‘,’ or ‘)’ before ‘*’ token
hooks.c:290: error: expected ‘;’, ‘,’ or ‘)’ before ‘*’ token
hooks.c:291: error: expected ‘)’ before ‘pid’
hooks.c:292: error: expected ‘)’ before ‘pid’
hooks.c:293: error: expected ‘;’, ‘,’ or ‘)’ before ‘*’ token
hooks.c:294: error: expected ‘;’, ‘,’ or ‘)’ before ‘*’ token
hooks.c:297: error: expected ‘;’, ‘,’ or ‘)’ before ‘*’ token
hooks.c:298: error: expected declaration specifiers or ‘...’ before ‘__s32’
hooks.c:299: error: expected declaration specifiers or ‘...’ before ‘__u32’
hooks.c:299: error: expected declaration specifiers or ‘...’ before ‘__u32’
hooks.c:300: error: expected ‘;’, ‘,’ or ‘)’ before ‘*’ token
hooks.c:301: error: expected ‘;’, ‘,’ or ‘)’ before ‘*’ token
hooks.c:302: error: expected ‘;’, ‘,’ or ‘)’ before ‘*’ token
hooks.c:303: error: expected ‘;’, ‘,’ or ‘)’ before ‘*’ token
hooks.c:304: error: expected ‘;’, ‘,’ or ‘)’ before ‘*’ token
hooks.c:305: error: expected ‘;’, ‘,’ or ‘)’ before ‘*’ token
hooks.c:306: error: expected ‘;’, ‘,’ or ‘)’ before ‘*’ token
hooks.c:307: error: expected ‘;’, ‘,’ or ‘)’ before ‘*’ token
hooks.c:308: error: expected ‘;’, ‘,’ or ‘)’ before ‘*’ token
hooks.c:309: error: expected ‘;’, ‘,’ or ‘)’ before ‘*’ token
hooks.c:310: error: expected ‘;’, ‘,’ or ‘)’ before ‘*’ token
hooks.c:311: error: expected ‘;’, ‘,’ or ‘)’ before ‘*’ token
hooks.c:312: error: expected ‘;’, ‘,’ or ‘)’ before ‘*’ token
hooks.c:313: error: expected ‘;’, ‘,’ or ‘)’ before ‘*’ token
hooks.c:314: error: expected ‘;’, ‘,’ or ‘)’ before ‘*’ token
hooks.c:315: error: expected ‘;’, ‘,’ or ‘)’ before ‘*’ token
hooks.c:317: error: expected declaration specifiers or ‘...’ before ‘loff_t’
hooks.c:317: error: expected declaration specifiers or ‘...’ before ‘loff_t’
hooks.c:317: error: expected declaration specifiers or ‘...’ before ‘size_t’
hooks.c:318: error: expected ‘;’, ‘,’ or ‘)’ before ‘*’ token
hooks.c:319: error: expected declaration specifiers or ‘...’ before ‘size_t’
hooks.c:320: error: expected declaration specifiers or ‘...’ before ‘loff_t’
hooks.c:320: error: expected declaration specifiers or ‘...’ before ‘loff_t’
hooks.c:321: error: expected declaration specifiers or ‘...’ before ‘loff_t’
hooks.c:321: error: expected declaration specifiers or ‘...’ before ‘loff_t’
hooks.c:322: error: expected ‘;’, ‘,’ or ‘)’ before ‘*’ token
hooks.c:323: error: expected ‘;’, ‘,’ or ‘)’ before ‘*’ token
hooks.c:324: error: expected ‘;’, ‘,’ or ‘)’ before ‘*’ token
hooks.c:325: error: expected declaration specifiers or ‘...’ before ‘sigset_t’
hooks.c:325: error: expected declaration specifiers or ‘...’ before ‘size_t’
hooks.c:326: error: expected declaration specifiers or ‘...’ before ‘sigset_t’
hooks.c:326: error: expected declaration specifiers or ‘...’ before ‘size_t’
hooks.c:328: error: expected ‘;’, ‘,’ or ‘)’ before ‘*’ token
hooks.c:329: error: expected ‘;’, ‘,’ or ‘)’ before ‘*’ token
hooks.c:332: error: expected declaration specifiers or ‘...’ before ‘loff_t’
hooks.c:332: error: expected declaration specifiers or ‘...’ before ‘loff_t’
hooks.c:333: error: expected ‘;’, ‘,’ or ‘)’ before ‘*’ token
hooks.c:334: error: expected declaration specifiers or ‘...’ before ‘fd_set’
hooks.c:334: error: expected declaration specifiers or ‘...’ before ‘fd_set’
hooks.c:334: error: expected declaration specifiers or ‘...’ before ‘fd_set’
hooks.c:334: error: expected ‘;’, ‘,’ or ‘)’ before ‘*’ token
hooks.c:335: error: expected ‘;’, ‘,’ or ‘)’ before ‘*’ token
hooks.c:336: error: expected ‘;’, ‘,’ or ‘)’ before ‘*’ token
hooks.c:338: error: expected ‘)’ before ‘__user’
hooks.c:345: error: expected ‘)’ before ‘__user’
hooks.c:352: error: expected ‘;’, ‘,’ or ‘)’ before ‘*’ token
hooks.c:359: error: expected ‘;’, ‘,’ or ‘)’ before ‘*’ token
hooks.c:366: error: expected ‘;’, ‘,’ or ‘)’ before ‘*’ token
hooks.c:373: error: expected ‘;’, ‘,’ or ‘)’ before ‘*’ token
hooks.c: In function ‘hook_sys_gettid’:
hooks.c:383: error: ‘KERN_INFO’ undeclared (first use in this function)
hooks.c:383: error: (Each undeclared identifier is reported only once
hooks.c:383: error: for each function it appears in.)
hooks.c:383: error: expected ‘)’ before string constant
hooks.c: At top level:
hooks.c:387: error: expected ‘;’, ‘,’ or ‘)’ before ‘*’ token
hooks.c: In function ‘hook_sys_alarm’:
hooks.c:397: error: ‘KERN_INFO’ undeclared (first use in this function)
hooks.c:397: error: expected ‘)’ before string constant
hooks.c: In function ‘hook_sys_getpid’:
hooks.c:404: error: ‘KERN_INFO’ undeclared (first use in this function)
hooks.c:404: error: expected ‘)’ before string constant
hooks.c: In function ‘hook_sys_getppid’:
hooks.c:411: error: ‘KERN_INFO’ undeclared (first use in this function)
hooks.c:411: error: expected ‘)’ before string constant
hooks.c: In function ‘hook_sys_getuid’:
hooks.c:418: error: ‘KERN_INFO’ undeclared (first use in this function)
hooks.c:418: error: expected ‘)’ before string constant
hooks.c: In function ‘hook_sys_geteuid’:
hooks.c:425: error: ‘KERN_INFO’ undeclared (first use in this function)
hooks.c:425: error: expected ‘)’ before string constant
hooks.c: In function ‘hook_sys_getgid’:
hooks.c:432: error: ‘KERN_INFO’ undeclared (first use in this function)
hooks.c:432: error: expected ‘)’ before string constant
hooks.c: In function ‘hook_sys_getegid’:
hooks.c:439: error: ‘KERN_INFO’ undeclared (first use in this function)
hooks.c:439: error: expected ‘)’ before string constant
hooks.c: At top level:
hooks.c:443: error: expected ‘)’ before ‘__user’
hooks.c:450: error: expected ‘)’ before ‘__user’
hooks.c:457: error: expected ‘)’ before ‘pid’
hooks.c: In function ‘hook_sys_getpgrp’:
hooks.c:467: error: ‘KERN_INFO’ undeclared (first use in this function)
hooks.c:467: error: expected ‘)’ before string constant
hooks.c: At top level:
hooks.c:471: error: expected ‘)’ before ‘pid’
hooks.c:478: error: expected declaration specifiers or ‘...’ before ‘gid_t’
hooks.c: In function ‘hook_sys_getgroups’:
hooks.c:480: error: ‘grouplist’ undeclared (first use in this function)
hooks.c:480: error: too many arguments to function ‘sys_getgroups’
hooks.c:481: error: ‘KERN_INFO’ undeclared (first use in this function)
hooks.c:481: error: expected ‘)’ before string constant
hooks.c: At top level:
hooks.c:485: error: expected ‘)’ before ‘rgid’
hooks.c:492: error: expected ‘)’ before ‘gid’
hooks.c:499: error: expected ‘)’ before ‘ruid’
hooks.c:506: error: expected ‘)’ before ‘uid’
hooks.c:513: error: expected ‘)’ before ‘ruid’
hooks.c:520: error: expected ‘)’ before ‘rgid’
hooks.c:527: error: expected ‘)’ before ‘uid’
hooks.c:534: error: expected ‘)’ before ‘gid’
hooks.c:541: error: expected ‘)’ before ‘pid’
hooks.c: In function ‘hook_sys_setsid’:
hooks.c:551: error: ‘KERN_INFO’ undeclared (first use in this function)
hooks.c:551: error: expected ‘)’ before string constant
hooks.c: At top level:
hooks.c:555: error: expected declaration specifiers or ‘...’ before ‘gid_t’
hooks.c: In function ‘hook_sys_setgroups’:
hooks.c:557: error: ‘grouplist’ undeclared (first use in this function)
hooks.c:557: error: too many arguments to function ‘sys_setgroups’
hooks.c:558: error: ‘KERN_INFO’ undeclared (first use in this function)
hooks.c:558: error: expected ‘)’ before string constant
hooks.c: At top level:
hooks.c:562: error: expected ‘;’, ‘,’ or ‘)’ before ‘*’ token
hooks.c:569: error: expected ‘)’ before ‘header’
hooks.c:576: error: expected ‘)’ before ‘header’
hooks.c:583: error: expected ‘)’ before ‘personality’
hooks.c:590: error: expected ‘)’ before ‘__user’
hooks.c:597: error: expected declaration specifiers or ‘...’ before ‘old_sigset_t’
hooks.c:597: error: expected declaration specifiers or ‘...’ before ‘old_sigset_t’
hooks.c: In function ‘hook_sys_sigprocmask’:
hooks.c:599: error: ‘set’ undeclared (first use in this function)
hooks.c:599: error: ‘oset’ undeclared (first use in this function)
hooks.c:599: error: too many arguments to function ‘sys_sigprocmask’
hooks.c:600: error: ‘KERN_INFO’ undeclared (first use in this function)
hooks.c:600: error: expected ‘)’ before string constant
hooks.c: At top level:
hooks.c:604: error: expected ‘;’, ‘,’ or ‘)’ before ‘*’ token
hooks.c:611: error: expected ‘;’, ‘,’ or ‘)’ before ‘*’ token
hooks.c:618: error: expected ‘)’ before ‘which_clock’
hooks.c:625: error: expected ‘)’ before ‘timer_id’
hooks.c:632: error: expected ‘)’ before ‘timer_id’
hooks.c:639: error: expected ‘)’ before ‘timer_id’
hooks.c:646: error: expected ‘)’ before ‘timer_id’
hooks.c:653: error: expected ‘)’ before ‘which_clock’
hooks.c:660: error: expected ‘)’ before ‘which_clock’
hooks.c:667: error: expected ‘)’ before ‘which_clock’
hooks.c:674: error: expected ‘)’ before ‘which_clock’
hooks.c: In function ‘hook_sys_nice’:
hooks.c:684: error: ‘KERN_INFO’ undeclared (first use in this function)
hooks.c:684: error: expected ‘)’ before string constant
hooks.c: At top level:
hooks.c:688: error: expected ‘)’ before ‘pid’
hooks.c:695: error: expected ‘)’ before ‘pid’
hooks.c:702: error: expected ‘)’ before ‘pid’
hooks.c:709: error: expected ‘)’ before ‘pid’
hooks.c:716: error: expected ‘)’ before ‘pid’
hooks.c:723: error: expected ‘)’ before ‘pid’
hooks.c: In function ‘hook_sys_sched_yield’:
hooks.c:733: error: ‘KERN_INFO’ undeclared (first use in this function)
hooks.c:733: error: expected ‘)’ before string constant
hooks.c: In function ‘hook_sys_sched_get_priority_max’:
hooks.c:740: error: ‘KERN_INFO’ undeclared (first use in this function)
hooks.c:740: error: expected ‘)’ before string constant
hooks.c: In function ‘hook_sys_sched_get_priority_min’:
hooks.c:747: error: ‘KERN_INFO’ undeclared (first use in this function)
hooks.c:747: error: expected ‘)’ before string constant
hooks.c: At top level:
hooks.c:751: error: expected ‘)’ before ‘pid’
hooks.c: In function ‘hook_sys_setpriority’:
hooks.c:761: error: ‘KERN_INFO’ undeclared (first use in this function)
hooks.c:761: error: expected ‘)’ before string constant
hooks.c: In function ‘hook_sys_getpriority’:
hooks.c:768: error: ‘KERN_INFO’ undeclared (first use in this function)
hooks.c:768: error: expected ‘)’ before string constant
hooks.c: In function ‘hook_sys_shutdown’:
hooks.c:775: error: ‘KERN_INFO’ undeclared (first use in this function)
hooks.c:775: error: expected ‘)’ before string constant
hooks.c: At top level:
hooks.c:779: error: expected ‘;’, ‘,’ or ‘)’ before ‘*’ token
hooks.c: In function ‘hook_sys_restart_syscall’:
hooks.c:789: error: ‘KERN_INFO’ undeclared (first use in this function)
hooks.c:789: error: expected ‘)’ before string constant
hooks.c: At top level:
hooks.c:793: error: expected ‘;’, ‘,’ or ‘)’ before ‘*’ token
hooks.c: In function ‘hook_sys_exit’:
hooks.c:803: error: ‘KERN_INFO’ undeclared (first use in this function)
hooks.c:803: error: expected ‘)’ before string constant
hooks.c: In function ‘hook_sys_exit_group’:
hooks.c:810: error: ‘KERN_INFO’ undeclared (first use in this function)
hooks.c:810: error: expected ‘)’ before string constant
hooks.c: At top level:
hooks.c:814: error: expected ‘)’ before ‘pid’
hooks.c:821: error: expected declaration specifiers or ‘...’ before ‘pid_t’
hooks.c:821: error: expected ‘;’, ‘,’ or ‘)’ before ‘*’ token
hooks.c:828: error: expected ‘)’ before ‘pid’
hooks.c:835: error: expected ‘;’, ‘,’ or ‘)’ before ‘*’ token
hooks.c:842: error: expected ‘)’ before ‘__user’
hooks.c:849: error: expected ‘;’, ‘,’ or ‘)’ before ‘*’ token
hooks.c:856: error: expected ‘;’, ‘,’ or ‘)’ before ‘*’ token
hooks.c:863: error: expected declaration specifiers or ‘...’ before ‘sigset_t’
hooks.c:863: error: expected declaration specifiers or ‘...’ before ‘sigset_t’
hooks.c:863: error: expected declaration specifiers or ‘...’ before ‘size_t’
hooks.c: In function ‘hook_sys_rt_sigprocmask’:
hooks.c:865: error: ‘set’ undeclared (first use in this function)
hooks.c:865: error: ‘oset’ undeclared (first use in this function)
hooks.c:865: error: ‘sigsetsize’ undeclared (first use in this function)
hooks.c:865: error: too many arguments to function ‘sys_rt_sigprocmask’
hooks.c:866: error: ‘KERN_INFO’ undeclared (first use in this function)
hooks.c:866: error: expected ‘)’ before string constant
hooks.c: At top level:
hooks.c:870: error: expected ‘)’ before ‘__user’
hooks.c:877: error: expected ‘;’, ‘,’ or ‘)’ before ‘__user’
hooks.c:884: error: expected ‘)’ before ‘tgid’
hooks.c: In function ‘hook_sys_kill’:
hooks.c:894: error: ‘KERN_INFO’ undeclared (first use in this function)
hooks.c:894: error: expected ‘)’ before string constant
hooks.c: In function ‘hook_sys_tgkill’:
hooks.c:901: error: ‘KERN_INFO’ undeclared (first use in this function)
hooks.c:901: error: expected ‘)’ before string constant
hooks.c: In function ‘hook_sys_tkill’:
hooks.c:908: error: ‘KERN_INFO’ undeclared (first use in this function)
hooks.c:908: error: expected ‘)’ before string constant
hooks.c: At top level:
hooks.c:912: error: expected declaration specifiers or ‘...’ before ‘siginfo_t’
hooks.c: In function ‘hook_sys_rt_sigqueueinfo’:
hooks.c:914: error: ‘uinfo’ undeclared (first use in this function)
hooks.c:914: error: too many arguments to function ‘sys_rt_sigqueueinfo’
hooks.c:915: error: ‘KERN_INFO’ undeclared (first use in this function)
hooks.c:915: error: expected ‘)’ before string constant
hooks.c: In function ‘hook_sys_sgetmask’:
hooks.c:922: error: ‘KERN_INFO’ undeclared (first use in this function)
hooks.c:922: error: expected ‘)’ before string constant
hooks.c: In function ‘hook_sys_ssetmask’:
hooks.c:929: error: ‘KERN_INFO’ undeclared (first use in this function)
hooks.c:929: error: expected ‘)’ before string constant
hooks.c: At top level:
hooks.c:933: error: expected declaration specifiers or ‘...’ before ‘__sighandler_t’
hooks.c: In function ‘hook_sys_signal’:
hooks.c:935: error: ‘handler’ undeclared (first use in this function)
hooks.c:935: error: too many arguments to function ‘sys_signal’
hooks.c:936: error: ‘KERN_INFO’ undeclared (first use in this function)
hooks.c:936: error: expected ‘)’ before string constant
hooks.c: In function ‘hook_sys_pause’:
hooks.c:943: error: ‘KERN_INFO’ undeclared (first use in this function)
hooks.c:943: error: expected ‘)’ before string constant
hooks.c: In function ‘hook_sys_sync’:
hooks.c:950: error: ‘KERN_INFO’ undeclared (first use in this function)
hooks.c:950: error: expected ‘)’ before string constant
hooks.c: In function ‘hook_sys_fsync’:
hooks.c:957: error: ‘KERN_INFO’ undeclared (first use in this function)
hooks.c:957: error: expected ‘)’ before string constant
hooks.c: In function ‘hook_sys_fdatasync’:
hooks.c:964: error: ‘KERN_INFO’ undeclared (first use in this function)
hooks.c:964: error: expected ‘)’ before string constant
hooks.c: In function ‘hook_sys_bdflush’:
hooks.c:971: error: ‘KERN_INFO’ undeclared (first use in this function)
hooks.c:971: error: expected ‘)’ before string constant
hooks.c: At top level:
hooks.c:975: error: expected ‘;’, ‘,’ or ‘)’ before ‘*’ token
hooks.c:982: error: expected ‘;’, ‘,’ or ‘)’ before ‘*’ token
hooks.c:989: error: expected ‘;’, ‘,’ or ‘)’ before ‘*’ token
hooks.c:996: error: expected ‘;’, ‘,’ or ‘)’ before ‘*’ token
hooks.c: In function ‘hook_sys_ftruncate’:
hooks.c:1006: error: ‘KERN_INFO’ undeclared (first use in this function)
hooks.c:1006: error: expected ‘)’ before string constant
hooks.c: At top level:
hooks.c:1010: error: expected ‘;’, ‘,’ or ‘)’ before ‘*’ token
hooks.c:1017: error: expected ‘;’, ‘,’ or ‘)’ before ‘*’ token
hooks.c:1024: error: expected ‘;’, ‘,’ or ‘)’ before ‘*’ token
hooks.c:1031: error: expected ‘;’, ‘,’ or ‘)’ before ‘*’ token
hooks.c:1038: error: expected declaration specifiers or ‘...’ before ‘size_t’
hooks.c:1038: error: expected ‘;’, ‘,’ or ‘)’ before ‘*’ token
hooks.c:1045: error: expected ‘;’, ‘,’ or ‘)’ before ‘*’ token
hooks.c:1052: error: expected ‘;’, ‘,’ or ‘)’ before ‘*’ token
hooks.c:1059: error: expected ‘;’, ‘,’ or ‘)’ before ‘*’ token
hooks.c:1066: error: expected ‘;’, ‘,’ or ‘)’ before ‘*’ token
hooks.c:1073: error: expected ‘;’, ‘,’ or ‘)’ before ‘*’ token
hooks.c:1080: error: expected ‘;’, ‘,’ or ‘)’ before ‘*’ token
hooks.c:1087: error: expected ‘;’, ‘,’ or ‘)’ before ‘*’ token
hooks.c:1094: error: expected ‘;’, ‘,’ or ‘)’ before ‘*’ token
hooks.c:1101: error: expected ‘;’, ‘,’ or ‘)’ before ‘*’ token
hooks.c:1108: error: expected ‘;’, ‘,’ or ‘)’ before ‘*’ token
hooks.c:1115: error: expected declaration specifiers or ‘...’ before ‘loff_t’
hooks.c: In function ‘hook_sys_ftruncate64’:
hooks.c:1117: error: ‘length’ undeclared (first use in this function)
hooks.c:1117: error: too many arguments to function ‘sys_ftruncate64’
hooks.c:1118: error: ‘KERN_INFO’ undeclared (first use in this function)
hooks.c:1118: error: expected ‘)’ before string constant
hooks.c: At top level:
hooks.c:1122: error: expected ‘;’, ‘,’ or ‘)’ before ‘*’ token
hooks.c:1129: error: expected ‘;’, ‘,’ or ‘)’ before ‘*’ token
hooks.c:1136: error: expected ‘;’, ‘,’ or ‘)’ before ‘*’ token
hooks.c:1143: error: expected ‘;’, ‘,’ or ‘)’ before ‘*’ token
hooks.c:1150: error: expected ‘;’, ‘,’ or ‘)’ before ‘*’ token
hooks.c:1157: error: expected ‘;’, ‘,’ or ‘)’ before ‘*’ token
hooks.c:1164: error: expected ‘;’, ‘,’ or ‘)’ before ‘*’ token
hooks.c:1171: error: expected ‘;’, ‘,’ or ‘)’ before ‘*’ token
hooks.c:1178: error: expected ‘;’, ‘,’ or ‘)’ before ‘*’ token
hooks.c:1185: error: expected ‘;’, ‘,’ or ‘)’ before ‘*’ token
hooks.c:1192: error: expected ‘;’, ‘,’ or ‘)’ before ‘*’ token
hooks.c:1199: error: expected ‘;’, ‘,’ or ‘)’ before ‘*’ token
hooks.c: In function ‘hook_sys_brk’:
hooks.c:1209: error: ‘KERN_INFO’ undeclared (first use in this function)
hooks.c:1209: error: expected ‘)’ before string constant
hooks.c: At top level:
hooks.c:1213: error: expected declaration specifiers or ‘...’ before ‘size_t’
hooks.c: In function ‘hook_sys_mprotect’:
hooks.c:1215: error: ‘len’ undeclared (first use in this function)
hooks.c:1215: error: too many arguments to function ‘sys_mprotect’
hooks.c:1216: error: ‘KERN_INFO’ undeclared (first use in this function)
hooks.c:1216: error: expected ‘)’ before string constant
hooks.c: In function ‘hook_sys_mremap’:
hooks.c:1223: error: ‘KERN_INFO’ undeclared (first use in this function)
hooks.c:1223: error: expected ‘)’ before string constant
hooks.c: In function ‘hook_sys_remap_file_pages’:
hooks.c:1230: error: ‘KERN_INFO’ undeclared (first use in this function)
hooks.c:1230: error: expected ‘)’ before string constant
hooks.c: At top level:
hooks.c:1234: error: expected declaration specifiers or ‘...’ before ‘size_t’
hooks.c: In function ‘hook_sys_msync’:
hooks.c:1236: error: ‘len’ undeclared (first use in this function)
hooks.c:1236: error: too many arguments to function ‘sys_msync’
hooks.c:1237: error: ‘KERN_INFO’ undeclared (first use in this function)
hooks.c:1237: error: expected ‘)’ before string constant
hooks.c: At top level:
hooks.c:1241: error: expected declaration specifiers or ‘...’ before ‘loff_t’
hooks.c:1241: error: expected declaration specifiers or ‘...’ before ‘size_t’
hooks.c: In function ‘hook_sys_fadvise64’:
hooks.c:1243: error: ‘offset’ undeclared (first use in this function)
hooks.c:1243: error: ‘len’ undeclared (first use in this function)
hooks.c:1243: error: too many arguments to function ‘sys_fadvise64’
hooks.c:1244: error: ‘KERN_INFO’ undeclared (first use in this function)
hooks.c:1244: error: expected ‘)’ before string constant
hooks.c: At top level:
hooks.c:1248: error: expected declaration specifiers or ‘...’ before ‘loff_t’
hooks.c:1248: error: expected declaration specifiers or ‘...’ before ‘loff_t’
hooks.c: In function ‘hook_sys_fadvise64_64’:
hooks.c:1250: error: ‘offset’ undeclared (first use in this function)
hooks.c:1250: error: ‘len’ undeclared (first use in this function)
hooks.c:1250: error: too many arguments to function ‘sys_fadvise64_64’
hooks.c:1251: error: ‘KERN_INFO’ undeclared (first use in this function)
hooks.c:1251: error: expected ‘)’ before string constant
hooks.c: At top level:
hooks.c:1255: error: expected declaration specifiers or ‘...’ before ‘size_t’
hooks.c: In function ‘hook_sys_munmap’:
hooks.c:1257: error: ‘len’ undeclared (first use in this function)
hooks.c:1257: error: too many arguments to function ‘sys_munmap’
hooks.c:1258: error: ‘KERN_INFO’ undeclared (first use in this function)
hooks.c:1258: error: expected ‘)’ before string constant
hooks.c: At top level:
hooks.c:1262: error: expected declaration specifiers or ‘...’ before ‘size_t’
hooks.c: In function ‘hook_sys_mlock’:
hooks.c:1264: error: ‘len’ undeclared (first use in this function)
hooks.c:1264: error: too many arguments to function ‘sys_mlock’
hooks.c:1265: error: ‘KERN_INFO’ undeclared (first use in this function)
hooks.c:1265: error: expected ‘)’ before string constant
hooks.c: At top level:
hooks.c:1269: error: expected declaration specifiers or ‘...’ before ‘size_t’
hooks.c: In function ‘hook_sys_munlock’:
hooks.c:1271: error: ‘len’ undeclared (first use in this function)
hooks.c:1271: error: too many arguments to function ‘sys_munlock’
hooks.c:1272: error: ‘KERN_INFO’ undeclared (first use in this function)
hooks.c:1272: error: expected ‘)’ before string constant
hooks.c: In function ‘hook_sys_mlockall’:
hooks.c:1279: error: ‘KERN_INFO’ undeclared (first use in this function)
hooks.c:1279: error: expected ‘)’ before string constant
hooks.c: In function ‘hook_sys_munlockall’:
hooks.c:1286: error: ‘KERN_INFO’ undeclared (first use in this function)
hooks.c:1286: error: expected ‘)’ before string constant
hooks.c: At top level:
hooks.c:1290: error: expected declaration specifiers or ‘...’ before ‘size_t’
hooks.c: In function ‘hook_sys_madvise’:
hooks.c:1292: error: ‘len’ undeclared (first use in this function)
hooks.c:1292: error: too many arguments to function ‘sys_madvise’
hooks.c:1293: error: ‘KERN_INFO’ undeclared (first use in this function)
hooks.c:1293: error: expected ‘)’ before string constant
hooks.c: At top level:
hooks.c:1297: error: expected declaration specifiers or ‘...’ before ‘size_t’
hooks.c:1297: error: expected ‘;’, ‘,’ or ‘)’ before ‘*’ token
hooks.c:1304: error: expected ‘;’, ‘,’ or ‘)’ before ‘*’ token
hooks.c:1311: error: expected ‘;’, ‘,’ or ‘)’ before ‘*’ token
hooks.c:1318: error: expected ‘;’, ‘,’ or ‘)’ before ‘*’ token
hooks.c:1325: error: expected ‘;’, ‘,’ or ‘)’ before ‘*’ token
hooks.c:1332: error: expected ‘;’, ‘,’ or ‘)’ before ‘*’ token
hooks.c:1339: error: expected ‘;’, ‘,’ or ‘)’ before ‘*’ token
hooks.c:1346: error: expected ‘;’, ‘,’ or ‘)’ before ‘*’ token
hooks.c:1353: error: expected ‘;’, ‘,’ or ‘)’ before ‘*’ token
hooks.c:1360: error: expected declaration specifiers or ‘...’ before ‘mode_t’
hooks.c: In function ‘hook_sys_fchmod’:
hooks.c:1362: error: ‘mode’ undeclared (first use in this function)
hooks.c:1362: error: too many arguments to function ‘sys_fchmod’
hooks.c:1363: error: ‘KERN_INFO’ undeclared (first use in this function)
hooks.c:1363: error: expected ‘)’ before string constant
hooks.c: In function ‘hook_sys_fcntl’:
hooks.c:1370: error: ‘KERN_INFO’ undeclared (first use in this function)
hooks.c:1370: error: expected ‘)’ before string constant
hooks.c: In function ‘hook_sys_fcntl64’:
hooks.c:1377: error: ‘KERN_INFO’ undeclared (first use in this function)
hooks.c:1377: error: expected ‘)’ before string constant
hooks.c: At top level:
hooks.c:1381: error: expected ‘;’, ‘,’ or ‘)’ before ‘*’ token
hooks.c:1388: error: expected ‘;’, ‘,’ or ‘)’ before ‘*’ token
hooks.c: In function ‘hook_sys_dup’:
hooks.c:1398: error: ‘KERN_INFO’ undeclared (first use in this function)
hooks.c:1398: error: expected ‘)’ before string constant
hooks.c: In function ‘hook_sys_dup2’:
hooks.c:1405: error: ‘KERN_INFO’ undeclared (first use in this function)
hooks.c:1405: error: expected ‘)’ before string constant
hooks.c: In function ‘hook_sys_dup3’:
hooks.c:1412: error: ‘KERN_INFO’ undeclared (first use in this function)
hooks.c:1412: error: expected ‘)’ before string constant
hooks.c: In function ‘hook_sys_ioperm’:
hooks.c:1419: error: ‘KERN_INFO’ undeclared (first use in this function)
hooks.c:1419: error: expected ‘)’ before string constant
hooks.c: In function ‘hook_sys_ioctl’:
hooks.c:1426: error: ‘KERN_INFO’ undeclared (first use in this function)
hooks.c:1426: error: expected ‘)’ before string constant
hooks.c: In function ‘hook_sys_flock’:
hooks.c:1433: error: ‘KERN_INFO’ undeclared (first use in this function)
hooks.c:1433: error: expected ‘)’ before string constant
hooks.c: At top level:
hooks.c:1437: error: expected declaration specifiers or ‘...’ before ‘aio_context_t’
hooks.c: In function ‘hook_sys_io_setup’:
hooks.c:1439: error: ‘ctx’ undeclared (first use in this function)
hooks.c:1439: error: too many arguments to function ‘sys_io_setup’
hooks.c:1440: error: ‘KERN_INFO’ undeclared (first use in this function)
hooks.c:1440: error: expected ‘)’ before string constant
hooks.c: At top level:
hooks.c:1444: error: expected ‘)’ before ‘ctx’
hooks.c:1451: error: expected ‘)’ before ‘ctx_id’
hooks.c:1458: error: expected ‘)’ before ‘long’
hooks.c:1465: error: expected ‘)’ before ‘ctx_id’
hooks.c:1472: error: expected declaration specifiers or ‘...’ before ‘off_t’
hooks.c:1472: error: expected declaration specifiers or ‘...’ before ‘size_t’
hooks.c: In function ‘hook_sys_sendfile’:
hooks.c:1474: error: ‘offset’ undeclared (first use in this function)
hooks.c:1474: error: ‘count’ undeclared (first use in this function)
hooks.c:1474: error: too many arguments to function ‘sys_sendfile’
hooks.c:1475: error: ‘KERN_INFO’ undeclared (first use in this function)
hooks.c:1475: error: expected ‘)’ before string constant
hooks.c: At top level:
hooks.c:1479: error: expected declaration specifiers or ‘...’ before ‘loff_t’
hooks.c:1479: error: expected declaration specifiers or ‘...’ before ‘size_t’
hooks.c: In function ‘hook_sys_sendfile64’:
hooks.c:1481: error: ‘offset’ undeclared (first use in this function)
hooks.c:1481: error: ‘count’ undeclared (first use in this function)
hooks.c:1481: error: too many arguments to function ‘sys_sendfile64’
hooks.c:1482: error: ‘KERN_INFO’ undeclared (first use in this function)
hooks.c:1482: error: expected ‘)’ before string constant
hooks.c: At top level:
hooks.c:1486: error: expected ‘;’, ‘,’ or ‘)’ before ‘*’ token
hooks.c:1493: error: expected ‘;’, ‘,’ or ‘)’ before ‘*’ token
hooks.c:1500: error: expected ‘;’, ‘,’ or ‘)’ before ‘*’ token
hooks.c: In function ‘hook_sys_close’:
hooks.c:1510: error: ‘KERN_INFO’ undeclared (first use in this function)
hooks.c:1510: error: expected ‘)’ before string constant
hooks.c: At top level:
hooks.c:1514: error: expected ‘;’, ‘,’ or ‘)’ before ‘*’ token
hooks.c: In function ‘hook_sys_vhangup’:
hooks.c:1524: error: ‘KERN_INFO’ undeclared (first use in this function)
hooks.c:1524: error: expected ‘)’ before string constant
hooks.c: At top level:
hooks.c:1528: error: expected ‘;’, ‘,’ or ‘)’ before ‘*’ token
hooks.c:1535: error: expected ‘;’, ‘,’ or ‘)’ before ‘*’ token
hooks.c:1542: error: expected declaration specifiers or ‘...’ before ‘uid_t’
hooks.c:1542: error: expected declaration specifiers or ‘...’ before ‘gid_t’
hooks.c: In function ‘hook_sys_fchown’:
hooks.c:1544: error: ‘user’ undeclared (first use in this function)
hooks.c:1544: error: ‘group’ undeclared (first use in this function)
hooks.c:1544: error: too many arguments to function ‘sys_fchown’
hooks.c:1545: error: ‘KERN_INFO’ undeclared (first use in this function)
hooks.c:1545: error: expected ‘)’ before string constant
hooks.c: At top level:
hooks.c:1549: error: expected ‘;’, ‘,’ or ‘)’ before ‘*’ token
hooks.c:1556: error: expected ‘;’, ‘,’ or ‘)’ before ‘*’ token
hooks.c:1563: error: expected declaration specifiers or ‘...’ before ‘old_uid_t’
hooks.c:1563: error: expected declaration specifiers or ‘...’ before ‘old_gid_t’
hooks.c: In function ‘hook_sys_fchown16’:
hooks.c:1565: error: ‘user’ undeclared (first use in this function)
hooks.c:1565: error: ‘group’ undeclared (first use in this function)
hooks.c:1565: error: too many arguments to function ‘sys_fchown16’
hooks.c:1566: error: ‘KERN_INFO’ undeclared (first use in this function)
hooks.c:1566: error: expected ‘)’ before string constant
hooks.c: At top level:
hooks.c:1570: error: expected ‘)’ before ‘rgid’
hooks.c:1577: error: expected ‘)’ before ‘gid’
hooks.c:1584: error: expected ‘)’ before ‘ruid’
hooks.c:1591: error: expected ‘)’ before ‘uid’
hooks.c:1598: error: expected ‘)’ before ‘ruid’
hooks.c:1605: error: expected ‘)’ before ‘__user’
hooks.c:1612: error: expected ‘)’ before ‘rgid’
hooks.c:1619: error: expected ‘)’ before ‘__user’
hooks.c:1626: error: expected ‘)’ before ‘uid’
hooks.c:1633: error: expected ‘)’ before ‘gid’
hooks.c:1640: error: expected declaration specifiers or ‘...’ before ‘old_gid_t’
hooks.c: In function ‘hook_sys_getgroups16’:
hooks.c:1642: error: ‘grouplist’ undeclared (first use in this function)
hooks.c:1642: error: too many arguments to function ‘sys_getgroups16’
hooks.c:1643: error: ‘KERN_INFO’ undeclared (first use in this function)
hooks.c:1643: error: expected ‘)’ before string constant
hooks.c: At top level:
hooks.c:1647: error: expected declaration specifiers or ‘...’ before ‘old_gid_t’
hooks.c: In function ‘hook_sys_setgroups16’:
hooks.c:1649: error: ‘grouplist’ undeclared (first use in this function)
hooks.c:1649: error: too many arguments to function ‘sys_setgroups16’
hooks.c:1650: error: ‘KERN_INFO’ undeclared (first use in this function)
hooks.c:1650: error: expected ‘)’ before string constant
hooks.c: In function ‘hook_sys_getuid16’:
hooks.c:1657: error: ‘KERN_INFO’ undeclared (first use in this function)
hooks.c:1657: error: expected ‘)’ before string constant
hooks.c: In function ‘hook_sys_geteuid16’:
hooks.c:1664: error: ‘KERN_INFO’ undeclared (first use in this function)
hooks.c:1664: error: expected ‘)’ before string constant
hooks.c: In function ‘hook_sys_getgid16’:
hooks.c:1671: error: ‘KERN_INFO’ undeclared (first use in this function)
hooks.c:1671: error: expected ‘)’ before string constant
hooks.c: In function ‘hook_sys_getegid16’:
hooks.c:1678: error: ‘KERN_INFO’ undeclared (first use in this function)
hooks.c:1678: error: expected ‘)’ before string constant
hooks.c: At top level:
hooks.c:1682: error: expected ‘;’, ‘,’ or ‘)’ before ‘*’ token
hooks.c:1689: error: expected ‘;’, ‘,’ or ‘)’ before ‘*’ token
hooks.c:1696: error: expected declaration specifiers or ‘...’ before ‘off_t’
hooks.c: In function ‘hook_sys_lseek’:
hooks.c:1698: error: ‘offset’ undeclared (first use in this function)
hooks.c:1698: error: too many arguments to function ‘sys_lseek’
hooks.c:1699: error: ‘KERN_INFO’ undeclared (first use in this function)
hooks.c:1699: error: expected ‘)’ before string constant
hooks.c: At top level:
hooks.c:1703: error: expected declaration specifiers or ‘...’ before ‘loff_t’
hooks.c: In function ‘hook_sys_llseek’:
hooks.c:1705: error: ‘result’ undeclared (first use in this function)
hooks.c:1705: error: too many arguments to function ‘sys_llseek’
hooks.c:1706: error: ‘KERN_INFO’ undeclared (first use in this function)
hooks.c:1706: error: expected ‘)’ before string constant
hooks.c: At top level:
hooks.c:1710: error: expected ‘;’, ‘,’ or ‘)’ before ‘*’ token
hooks.c:1717: error: expected declaration specifiers or ‘...’ before ‘loff_t’
hooks.c:1717: error: expected declaration specifiers or ‘...’ before ‘size_t’
hooks.c: In function ‘hook_sys_readahead’:
hooks.c:1719: error: ‘offset’ undeclared (first use in this function)
hooks.c:1719: error: ‘count’ undeclared (first use in this function)
hooks.c:1719: error: too many arguments to function ‘sys_readahead’
hooks.c:1720: error: ‘KERN_INFO’ undeclared (first use in this function)
hooks.c:1720: error: expected ‘)’ before string constant
hooks.c: At top level:
hooks.c:1724: error: expected ‘;’, ‘,’ or ‘)’ before ‘*’ token
hooks.c:1731: error: expected ‘;’, ‘,’ or ‘)’ before ‘*’ token
hooks.c:1738: error: expected ‘;’, ‘,’ or ‘)’ before ‘*’ token
hooks.c:1745: error: expected ‘;’, ‘,’ or ‘)’ before ‘*’ token
hooks.c:1752: error: expected ‘;’, ‘,’ or ‘)’ before ‘*’ token
hooks.c:1759: error: expected ‘;’, ‘,’ or ‘)’ before ‘*’ token
hooks.c:1766: error: expected ‘;’, ‘,’ or ‘)’ before ‘*’ token
hooks.c:1773: error: expected ‘;’, ‘,’ or ‘)’ before ‘*’ token
hooks.c:1780: error: expected ‘;’, ‘,’ or ‘)’ before ‘*’ token
hooks.c:1787: error: expected ‘;’, ‘,’ or ‘)’ before ‘*’ token
hooks.c: In function ‘hook_sys_fchdir’:
hooks.c:1797: error: ‘KERN_INFO’ undeclared (first use in this function)
hooks.c:1797: error: expected ‘)’ before string constant
hooks.c: At top level:
hooks.c:1801: error: expected ‘;’, ‘,’ or ‘)’ before ‘*’ token
hooks.c:1808: error: expected ‘)’ before ‘cookie64’
hooks.c:1815: error: expected ‘;’, ‘,’ or ‘)’ before ‘*’ token
hooks.c:1822: error: expected ‘;’, ‘,’ or ‘)’ before ‘*’ token
hooks.c:1829: error: expected ‘;’, ‘,’ or ‘)’ before ‘*’ token
hooks.c:1836: error: expected ‘;’, ‘,’ or ‘)’ before ‘*’ token
hooks.c:1843: error: expected ‘;’, ‘,’ or ‘)’ before ‘*’ token
hooks.c:1850: error: expected ‘;’, ‘,’ or ‘)’ before ‘*’ token
hooks.c:1857: error: expected ‘;’, ‘,’ or ‘)’ before ‘*’ token
hooks.c:1864: error: expected ‘;’, ‘,’ or ‘)’ before ‘*’ token
hooks.c:1871: error: expected ‘;’, ‘,’ or ‘)’ before ‘*’ token
hooks.c:1878: error: expected ‘;’, ‘,’ or ‘)’ before ‘*’ token
hooks.c:1885: error: expected ‘;’, ‘,’ or ‘)’ before ‘*’ token
hooks.c:1892: error: expected ‘;’, ‘,’ or ‘)’ before ‘*’ token
hooks.c:1899: error: expected ‘;’, ‘,’ or ‘)’ before ‘*’ token
hooks.c:1906: error: expected ‘;’, ‘,’ or ‘)’ before ‘*’ token
hooks.c:1913: error: expected ‘;’, ‘,’ or ‘)’ before ‘*’ token
hooks.c:1920: error: expected ‘;’, ‘,’ or ‘)’ before ‘*’ token
hooks.c:1927: error: expected ‘;’, ‘,’ or ‘)’ before ‘*’ token
hooks.c: In function ‘hook_sys_socket’:
hooks.c:1937: error: ‘KERN_INFO’ undeclared (first use in this function)
hooks.c:1937: error: expected ‘)’ before string constant
hooks.c: At top level:
hooks.c:1941: error: expected ‘;’, ‘,’ or ‘)’ before ‘*’ token
hooks.c:1948: error: expected ‘;’, ‘,’ or ‘)’ before ‘*’ token
hooks.c: In function ‘hook_sys_listen’:
hooks.c:1958: error: ‘KERN_INFO’ undeclared (first use in this function)
hooks.c:1958: error: expected ‘)’ before string constant
hooks.c: At top level:
hooks.c:1962: error: expected ‘;’, ‘,’ or ‘)’ before ‘*’ token
hooks.c:1969: error: expected declaration specifiers or ‘...’ before ‘fd_set’
hooks.c:1969: error: expected declaration specifiers or ‘...’ before ‘fd_set’
hooks.c:1969: error: expected declaration specifiers or ‘...’ before ‘fd_set’
hooks.c:1969: error: expected ‘;’, ‘,’ or ‘)’ before ‘*’ token
hooks.c: In function ‘hook_sys_epoll_create’:
hooks.c:1979: error: ‘KERN_INFO’ undeclared (first use in this function)
hooks.c:1979: error: expected ‘)’ before string constant
hooks.c: In function ‘hook_sys_epoll_create1’:
hooks.c:1986: error: ‘KERN_INFO’ undeclared (first use in this function)
hooks.c:1986: error: expected ‘)’ before string constant
hooks.c: At top level:
hooks.c:1990: error: expected ‘;’, ‘,’ or ‘)’ before ‘*’ token
hooks.c:1997: error: expected ‘;’, ‘,’ or ‘)’ before ‘*’ token
hooks.c:2004: error: expected ‘;’, ‘,’ or ‘)’ before ‘*’ token
hooks.c:2011: error: expected ‘;’, ‘,’ or ‘)’ before ‘*’ token
hooks.c:2018: error: expected ‘;’, ‘,’ or ‘)’ before ‘*’ token
hooks.c:2025: error: expected ‘;’, ‘,’ or ‘)’ before ‘*’ token
hooks.c:2032: error: expected ‘;’, ‘,’ or ‘)’ before ‘*’ token
hooks.c:2039: error: expected ‘;’, ‘,’ or ‘)’ before ‘*’ token
hooks.c:2046: error: expected ‘;’, ‘,’ or ‘)’ before ‘*’ token
hooks.c:2053: error: expected ‘;’, ‘,’ or ‘)’ before ‘*’ token
hooks.c:2060: error: expected ‘;’, ‘,’ or ‘)’ before ‘*’ token
hooks.c: In function ‘hook_sys_umask’:
hooks.c:2070: error: ‘KERN_INFO’ undeclared (first use in this function)
hooks.c:2070: error: expected ‘)’ before string constant
hooks.c: At top level:
hooks.c:2074: error: expected ‘)’ before ‘key’
hooks.c:2081: error: expected ‘;’, ‘,’ or ‘)’ before ‘*’ token
hooks.c:2088: error: expected ‘;’, ‘,’ or ‘)’ before ‘*’ token
hooks.c:2095: error: expected ‘;’, ‘,’ or ‘)’ before ‘*’ token
hooks.c:2102: error: expected ‘)’ before ‘key’
hooks.c:2109: error: expected ‘;’, ‘,’ or ‘)’ before ‘*’ token
hooks.c:2116: warning: ‘union semun’ declared inside parameter list
hooks.c:2116: error: parameter 4 (‘arg’) has incomplete type
hooks.c: In function ‘hook_sys_semctl’:
hooks.c:2118: error: type of formal parameter 4 is incomplete
hooks.c:2119: error: ‘KERN_INFO’ undeclared (first use in this function)
hooks.c:2119: error: expected ‘)’ before string constant
hooks.c: At top level:
hooks.c:2123: error: expected ‘;’, ‘,’ or ‘)’ before ‘*’ token
hooks.c:2130: error: expected ‘;’, ‘,’ or ‘)’ before ‘*’ token
hooks.c:2137: error: expected ‘)’ before ‘key’
hooks.c:2144: error: expected ‘;’, ‘,’ or ‘)’ before ‘*’ token
hooks.c:2151: error: expected ‘;’, ‘,’ or ‘)’ before ‘*’ token
hooks.c:2158: error: expected ‘;’, ‘,’ or ‘)’ before ‘*’ token
hooks.c:2165: error: expected ‘;’, ‘,’ or ‘)’ before ‘*’ token
hooks.c:2172: error: expected ‘)’ before ‘mqdes’
hooks.c:2179: error: expected ‘)’ before ‘mqdes’
hooks.c:2186: error: expected ‘)’ before ‘mqdes’
hooks.c:2193: error: expected ‘)’ before ‘mqdes’
hooks.c: In function ‘hook_sys_pciconfig_iobase’:
hooks.c:2203: error: ‘KERN_INFO’ undeclared (first use in this function)
hooks.c:2203: error: expected ‘)’ before string constant
hooks.c: At top level:
hooks.c:2207: error: expected ‘;’, ‘,’ or ‘)’ before ‘*’ token
hooks.c:2214: error: expected ‘;’, ‘,’ or ‘)’ before ‘*’ token
hooks.c: In function ‘hook_sys_prctl’:
hooks.c:2224: error: ‘KERN_INFO’ undeclared (first use in this function)
hooks.c:2224: error: expected ‘)’ before string constant
hooks.c: At top level:
hooks.c:2228: error: expected ‘;’, ‘,’ or ‘)’ before ‘*’ token
hooks.c:2235: error: expected ‘;’, ‘,’ or ‘)’ before ‘*’ token
hooks.c:2242: error: expected ‘;’, ‘,’ or ‘)’ before ‘*’ token
hooks.c:2249: error: expected ‘;’, ‘,’ or ‘)’ before ‘*’ token
hooks.c: In function ‘hook_sys_sysfs’:
hooks.c:2259: error: ‘KERN_INFO’ undeclared (first use in this function)
hooks.c:2259: error: expected ‘)’ before string constant
hooks.c: At top level:
hooks.c:2263: error: expected ‘;’, ‘,’ or ‘)’ before ‘*’ token
hooks.c:2270: error: expected ‘;’, ‘,’ or ‘)’ before ‘*’ token
hooks.c:2277: error: expected ‘;’, ‘,’ or ‘)’ before ‘*’ token
hooks.c: In function ‘hook_sys_ni_syscall’:
hooks.c:2287: error: ‘KERN_INFO’ undeclared (first use in this function)
hooks.c:2287: error: expected ‘)’ before string constant
hooks.c: In function ‘hook_sys_ptrace’:
hooks.c:2294: error: ‘KERN_INFO’ undeclared (first use in this function)
hooks.c:2294: error: expected ‘)’ before string constant
hooks.c: At top level:
hooks.c:2298: error: expected ‘;’, ‘,’ or ‘)’ before ‘*’ token
hooks.c:2305: error: expected ‘;’, ‘,’ or ‘)’ before ‘*’ token
hooks.c: In function ‘hook_sys_keyctl’:
hooks.c:2315: error: ‘KERN_INFO’ undeclared (first use in this function)
hooks.c:2315: error: expected ‘)’ before string constant
hooks.c: In function ‘hook_sys_ioprio_set’:
hooks.c:2322: error: ‘KERN_INFO’ undeclared (first use in this function)
hooks.c:2322: error: expected ‘)’ before string constant
hooks.c: In function ‘hook_sys_ioprio_get’:
hooks.c:2329: error: ‘KERN_INFO’ undeclared (first use in this function)
hooks.c:2329: error: expected ‘)’ before string constant
hooks.c: At top level:
hooks.c:2333: error: expected ‘;’, ‘,’ or ‘)’ before ‘*’ token
hooks.c:2340: error: expected ‘)’ before ‘pid’
hooks.c:2347: error: expected ‘)’ before ‘pid’
hooks.c:2354: error: expected ‘;’, ‘,’ or ‘)’ before ‘*’ token
hooks.c:2361: error: expected ‘;’, ‘,’ or ‘)’ before ‘*’ token
hooks.c: In function ‘hook_sys_inotify_init’:
hooks.c:2371: error: ‘KERN_INFO’ undeclared (first use in this function)
hooks.c:2371: error: expected ‘)’ before string constant
hooks.c: In function ‘hook_sys_inotify_init1’:
hooks.c:2378: error: ‘KERN_INFO’ undeclared (first use in this function)
hooks.c:2378: error: expected ‘)’ before string constant
hooks.c: At top level:
hooks.c:2382: error: expected ‘;’, ‘,’ or ‘)’ before ‘*’ token
hooks.c:2389: error: expected declaration specifiers or ‘...’ before ‘__s32’
hooks.c: In function ‘hook_sys_inotify_rm_watch’:
hooks.c:2391: error: ‘wd’ undeclared (first use in this function)
hooks.c:2391: error: too many arguments to function ‘sys_inotify_rm_watch’
hooks.c:2392: error: ‘KERN_INFO’ undeclared (first use in this function)
hooks.c:2392: error: expected ‘)’ before string constant
hooks.c: At top level:
hooks.c:2396: error: expected declaration specifiers or ‘...’ before ‘__u32’
hooks.c:2396: error: expected declaration specifiers or ‘...’ before ‘__u32’
hooks.c: In function ‘hook_sys_spu_run’:
hooks.c:2398: error: ‘unpc’ undeclared (first use in this function)
hooks.c:2398: error: ‘ustatus’ undeclared (first use in this function)
hooks.c:2398: error: too many arguments to function ‘sys_spu_run’
hooks.c:2399: error: ‘KERN_INFO’ undeclared (first use in this function)
hooks.c:2399: error: expected ‘)’ before string constant
hooks.c: At top level:
hooks.c:2403: error: expected ‘;’, ‘,’ or ‘)’ before ‘*’ token
hooks.c:2410: error: expected ‘;’, ‘,’ or ‘)’ before ‘*’ token
hooks.c:2417: error: expected ‘;’, ‘,’ or ‘)’ before ‘*’ token
hooks.c:2424: error: expected ‘;’, ‘,’ or ‘)’ before ‘*’ token
hooks.c:2431: error: expected ‘;’, ‘,’ or ‘)’ before ‘*’ token
hooks.c:2438: error: expected ‘;’, ‘,’ or ‘)’ before ‘*’ token
hooks.c:2445: error: expected ‘;’, ‘,’ or ‘)’ before ‘*’ token
hooks.c:2452: error: expected ‘;’, ‘,’ or ‘)’ before ‘*’ token
hooks.c:2459: error: expected ‘;’, ‘,’ or ‘)’ before ‘*’ token
hooks.c:2466: error: expected ‘;’, ‘,’ or ‘)’ before ‘*’ token
hooks.c:2473: error: expected ‘;’, ‘,’ or ‘)’ before ‘*’ token
hooks.c:2480: error: expected ‘;’, ‘,’ or ‘)’ before ‘*’ token
hooks.c:2487: error: expected ‘;’, ‘,’ or ‘)’ before ‘*’ token
hooks.c:2494: error: expected ‘;’, ‘,’ or ‘)’ before ‘*’ token
hooks.c:2501: error: expected ‘;’, ‘,’ or ‘)’ before ‘*’ token
hooks.c:2508: error: expected ‘;’, ‘,’ or ‘)’ before ‘*’ token
hooks.c: In function ‘hook_sys_unshare’:
hooks.c:2518: error: ‘KERN_INFO’ undeclared (first use in this function)
hooks.c:2518: error: expected ‘)’ before string constant
hooks.c: At top level:
hooks.c:2522: error: expected declaration specifiers or ‘...’ before ‘loff_t’
hooks.c:2522: error: expected declaration specifiers or ‘...’ before ‘loff_t’
hooks.c:2522: error: expected declaration specifiers or ‘...’ before ‘size_t’
hooks.c: In function ‘hook_sys_splice’:
hooks.c:2524: error: ‘off_in’ undeclared (first use in this function)
hooks.c:2524: error: ‘off_out’ undeclared (first use in this function)
hooks.c:2524: error: ‘len’ undeclared (first use in this function)
hooks.c:2524: error: too many arguments to function ‘sys_splice’
hooks.c:2525: error: ‘KERN_INFO’ undeclared (first use in this function)
hooks.c:2525: error: expected ‘)’ before string constant
hooks.c: At top level:
hooks.c:2529: error: expected ‘;’, ‘,’ or ‘)’ before ‘*’ token
hooks.c:2536: error: expected declaration specifiers or ‘...’ before ‘size_t’
hooks.c: In function ‘hook_sys_tee’:
hooks.c:2538: error: ‘len’ undeclared (first use in this function)
hooks.c:2538: error: too many arguments to function ‘sys_tee’
hooks.c:2539: error: ‘KERN_INFO’ undeclared (first use in this function)
hooks.c:2539: error: expected ‘)’ before string constant
hooks.c: At top level:
hooks.c:2543: error: expected declaration specifiers or ‘...’ before ‘loff_t’
hooks.c:2543: error: expected declaration specifiers or ‘...’ before ‘loff_t’
hooks.c: In function ‘hook_sys_sync_file_range’:
hooks.c:2545: error: ‘offset’ undeclared (first use in this function)
hooks.c:2545: error: ‘nbytes’ undeclared (first use in this function)
hooks.c:2545: error: too many arguments to function ‘sys_sync_file_range’
hooks.c:2546: error: ‘KERN_INFO’ undeclared (first use in this function)
hooks.c:2546: error: expected ‘)’ before string constant
hooks.c: At top level:
hooks.c:2550: error: expected declaration specifiers or ‘...’ before ‘loff_t’
hooks.c:2550: error: expected declaration specifiers or ‘...’ before ‘loff_t’
hooks.c: In function ‘hook_sys_sync_file_range2’:
hooks.c:2552: error: ‘offset’ undeclared (first use in this function)
hooks.c:2552: error: ‘nbytes’ undeclared (first use in this function)
hooks.c:2552: error: too many arguments to function ‘sys_sync_file_range2’
hooks.c:2553: error: ‘KERN_INFO’ undeclared (first use in this function)
hooks.c:2553: error: expected ‘)’ before string constant
hooks.c: At top level:
hooks.c:2557: error: expected ‘;’, ‘,’ or ‘)’ before ‘*’ token
hooks.c:2564: error: expected ‘;’, ‘,’ or ‘)’ before ‘*’ token
hooks.c:2571: error: expected ‘;’, ‘,’ or ‘)’ before ‘*’ token
hooks.c:2578: error: expected declaration specifiers or ‘...’ before ‘sigset_t’
hooks.c:2578: error: expected declaration specifiers or ‘...’ before ‘size_t’
hooks.c: In function ‘hook_sys_signalfd’:
hooks.c:2580: error: ‘user_mask’ undeclared (first use in this function)
hooks.c:2580: error: ‘sizemask’ undeclared (first use in this function)
hooks.c:2580: error: too many arguments to function ‘sys_signalfd’
hooks.c:2581: error: ‘KERN_INFO’ undeclared (first use in this function)
hooks.c:2581: error: expected ‘)’ before string constant
hooks.c: At top level:
hooks.c:2585: error: expected declaration specifiers or ‘...’ before ‘sigset_t’
hooks.c:2585: error: expected declaration specifiers or ‘...’ before ‘size_t’
hooks.c: In function ‘hook_sys_signalfd4’:
hooks.c:2587: error: ‘user_mask’ undeclared (first use in this function)
hooks.c:2587: error: ‘sizemask’ undeclared (first use in this function)
hooks.c:2587: error: too many arguments to function ‘sys_signalfd4’
hooks.c:2588: error: ‘KERN_INFO’ undeclared (first use in this function)
hooks.c:2588: error: expected ‘)’ before string constant
hooks.c: In function ‘hook_sys_timerfd_create’:
hooks.c:2595: error: ‘KERN_INFO’ undeclared (first use in this function)
hooks.c:2595: error: expected ‘)’ before string constant
hooks.c: At top level:
hooks.c:2599: error: expected ‘;’, ‘,’ or ‘)’ before ‘*’ token
hooks.c:2606: error: expected ‘;’, ‘,’ or ‘)’ before ‘*’ token
hooks.c: In function ‘hook_sys_eventfd’:
hooks.c:2616: error: ‘KERN_INFO’ undeclared (first use in this function)
hooks.c:2616: error: expected ‘)’ before string constant
hooks.c: In function ‘hook_sys_eventfd2’:
hooks.c:2623: error: ‘KERN_INFO’ undeclared (first use in this function)
hooks.c:2623: error: expected ‘)’ before string constant
hooks.c: At top level:
hooks.c:2627: error: expected declaration specifiers or ‘...’ before ‘loff_t’
hooks.c:2627: error: expected declaration specifiers or ‘...’ before ‘loff_t’
hooks.c: In function ‘hook_sys_fallocate’:
hooks.c:2629: error: ‘offset’ undeclared (first use in this function)
hooks.c:2629: error: ‘len’ undeclared (first use in this function)
hooks.c:2629: error: too many arguments to function ‘sys_fallocate’
hooks.c:2630: error: ‘KERN_INFO’ undeclared (first use in this function)
hooks.c:2630: error: expected ‘)’ before string constant
hooks.c: At top level:
hooks.c:2634: error: expected ‘;’, ‘,’ or ‘)’ before ‘*’ token
hooks.c:2641: error: expected declaration specifiers or ‘...’ before ‘fd_set’
hooks.c:2641: error: expected declaration specifiers or ‘...’ before ‘fd_set’
hooks.c:2641: error: expected declaration specifiers or ‘...’ before ‘fd_set’
hooks.c:2641: error: expected ‘;’, ‘,’ or ‘)’ before ‘*’ token
hooks.c:2648: error: expected ‘;’, ‘,’ or ‘)’ before ‘*’ token
hooks.c:2655: error: expected ‘;’, ‘,’ or ‘)’ before ‘*’ token
hooks.c: In function ‘hook_sys_mmap_pgoff’:
hooks.c:2665: error: ‘KERN_INFO’ undeclared (first use in this function)
hooks.c:2665: error: expected ‘)’ before string constant
hooks.c: In function ‘reg_hooks’:
hooks.c:2671: error: ‘hook_sys_time’ undeclared (first use in this function)
hooks.c:2672: error: expected ‘;’ before ‘sys_call_table’
hooks.c: In function ‘unreg_hooks’:
hooks.c:3008: error: ‘sys_time’ undeclared (first use in this function)
hooks.c:3009: error: expected ‘;’ before ‘sys_call_table’
